[2024-05-21T07:44:38.689Z] OPTIONS /api/signin - undefined
[2024-05-21T07:44:45.618Z] OPTIONS /api/signin - undefined
[2024-05-21T07:46:45.018Z] OPTIONS /api/signin - undefined
[2024-05-21T07:46:45.029Z] POST /api/signin - undefined
[2024-05-21T07:50:02.342Z] OPTIONS /api/signup - undefined
[2024-05-21T07:50:02.346Z] POST /api/signup - undefined
[2024-05-21T07:50:26.082Z] OPTIONS /api/signin - undefined
[2024-05-21T07:50:26.085Z] POST /api/signin - undefined
[2024-05-21T07:50:32.291Z] OPTIONS /api/signin - undefined
[2024-05-21T07:50:32.296Z] POST /api/signin - undefined
[2024-05-21T07:50:41.975Z] OPTIONS /api/signin - undefined
[2024-05-21T07:50:41.981Z] POST /api/signin - undefined
[2024-05-21T14:06:45.662Z] OPTIONS /api/signin - undefined
[2024-05-21T14:06:45.690Z] POST /api/signin - undefined
[2024-05-21T14:08:02.773Z] OPTIONS /api/signin - undefined
[2024-05-21T14:08:02.778Z] POST /api/signin - undefined
[2024-05-21T15:48:53.948Z] OPTIONS /api/signin - undefined
[2024-05-21T15:48:53.966Z] POST /api/signin - undefined
[2024-05-21T15:49:29.129Z] OPTIONS /api/signup - undefined
[2024-05-21T15:49:29.131Z] POST /api/signup - undefined
[2024-05-21T15:49:44.188Z] OPTIONS /api/signin - undefined
[2024-05-21T15:49:44.190Z] POST /api/signin - undefined
[2024-05-22T08:48:45.032Z] OPTIONS /api/tasks - undefined
[2024-05-22T08:48:45.107Z] POST /api/tasks - undefined
[2024-05-22T08:53:28.886Z] GET /api/tasks - undefined
[2024-05-22T08:53:59.551Z] GET /api/tasks - undefined
[2024-05-22T08:54:08.853Z] GET /api/tasks - undefined
[2024-05-22T08:54:47.894Z] GET /api/tasks - undefined
[2024-05-22T08:59:26.881Z] GET /api/tasks - undefined
[2024-05-22T09:01:29.898Z] GET /api/tasks - undefined
[2024-05-22T09:01:40.113Z] GET /api/tasks - undefined
[2024-05-22T09:06:46.887Z] GET /api/tasks - undefined
[2024-05-22T09:07:00.948Z] GET /api/tasks - undefined
[2024-05-22T09:12:09.076Z] GET /api/tasks - undefined
[2024-05-22T09:12:18.890Z] GET /api/tasks - undefined
[2024-05-22T09:13:19.906Z] GET /api/tasks - undefined
[2024-05-22T09:13:29.890Z] GET /api/tasks - undefined
[2024-05-22T09:16:45.891Z] GET /api/tasks - undefined
[2024-05-22T09:18:05.881Z] GET /api/tasks - undefined
[2024-05-22T09:19:29.324Z] GET /api/tasks - undefined
[2024-05-22T09:19:39.018Z] OPTIONS /api/tasks/2 - undefined
[2024-05-22T09:19:39.022Z] PUT /api/tasks/2 - undefined
[2024-05-22T09:19:39.069Z] GET /api/tasks - undefined
[2024-05-22T09:23:41.905Z] GET /api/tasks - undefined
[2024-05-22T10:38:45.760Z] OPTIONS /api/tasks/1 - undefined
[2024-05-22T10:38:45.763Z] DELETE /api/tasks/1 - undefined
[2024-05-22T10:38:45.826Z] GET /api/tasks - undefined
[2024-05-22T10:38:53.020Z] OPTIONS /api/tasks/3 - undefined
[2024-05-22T10:38:53.023Z] DELETE /api/tasks/3 - undefined
[2024-05-22T10:38:53.035Z] GET /api/tasks - undefined
[2024-05-22T10:39:59.062Z] GET /api/tasks - undefined
[2024-05-22T10:41:16.906Z] GET /api/tasks - undefined
[2024-05-22T10:41:21.239Z] GET /api/tasks - undefined
[2024-05-22T10:41:21.572Z] GET /api/tasks - undefined
[2024-05-22T10:41:21.749Z] GET /api/tasks - undefined
[2024-05-22T10:42:13.262Z] GET /api/tasks - undefined
[2024-05-22T10:42:13.457Z] GET /api/tasks - undefined
[2024-05-22T10:42:43.210Z] GET /api/tasks - undefined
[2024-05-22T10:52:19.295Z] GET /api/tasks - undefined
[2024-05-22T10:52:26.977Z] GET /api/tasks - undefined
[2024-05-22T10:52:33.921Z] GET /api/tasks - undefined
[2024-05-22T10:52:34.155Z] GET /api/tasks - undefined
[2024-05-22T10:52:34.342Z] GET /api/tasks - undefined
[2024-05-22T10:52:41.952Z] GET /api/tasks - undefined
[2024-05-22T10:53:21.518Z] GET /api/tasks - undefined
[2024-05-22T10:53:29.572Z] GET /api/tasks - undefined
[2024-05-22T10:53:50.627Z] GET /api/tasks - undefined
[2024-05-22T10:53:50.732Z] GET /api/tasks - undefined
[2024-05-22T12:22:46.767Z] GET /api/tasks - undefined
[2024-05-22T12:23:17.249Z] GET /api/tasks - undefined
[2024-05-22T12:23:17.399Z] GET /api/tasks - undefined
[2024-05-22T12:25:15.034Z] GET /api/tasks - undefined
[2024-05-22T12:26:27.240Z] GET /api/tasks - undefined
[2024-05-22T12:26:58.514Z] GET /api/tasks - undefined
[2024-05-22T12:26:58.590Z] GET /api/tasks - undefined
[2024-05-22T12:28:25.401Z] OPTIONS /api/tasks - undefined
[2024-05-22T12:28:25.403Z] POST /api/tasks - undefined
[2024-05-22T12:28:25.462Z] GET /api/tasks - undefined
[2024-05-22T12:28:25.466Z] GET /api/tasks - undefined
[2024-05-22T12:30:26.306Z] OPTIONS /api/tasks - undefined
[2024-05-22T12:30:26.309Z] POST /api/tasks - undefined
[2024-05-22T12:30:26.368Z] GET /api/tasks - undefined
[2024-05-22T12:30:26.384Z] GET /api/tasks - undefined
[2024-05-22T12:30:30.191Z] POST /api/tasks - undefined
[2024-05-22T12:30:30.210Z] GET /api/tasks - undefined
[2024-05-22T12:30:30.213Z] GET /api/tasks - undefined
[2024-05-22T12:30:38.183Z] OPTIONS /api/tasks - undefined
[2024-05-22T12:30:38.187Z] POST /api/tasks - undefined
[2024-05-22T12:30:38.205Z] GET /api/tasks - undefined
[2024-05-22T12:30:38.209Z] GET /api/tasks - undefined
[2024-05-22T12:30:42.949Z] POST /api/tasks - undefined
[2024-05-22T12:30:42.964Z] GET /api/tasks - undefined
[2024-05-22T12:30:42.983Z] GET /api/tasks - undefined
[2024-05-22T12:31:04.660Z] GET /api/tasks - undefined
[2024-05-22T12:31:11.966Z] GET /api/tasks - undefined
[2024-05-22T12:31:19.895Z] GET /api/tasks - undefined
[2024-05-22T12:31:56.124Z] GET /api/tasks - undefined
[2024-05-22T12:32:00.847Z] GET /api/tasks - undefined
[2024-05-22T12:35:55.663Z] OPTIONS /api/tasks/7 - undefined
[2024-05-22T12:35:55.667Z] PUT /api/tasks/7 - undefined
[2024-05-22T12:35:55.729Z] GET /api/tasks - undefined
[2024-05-22T12:36:00.142Z] OPTIONS /api/tasks/8 - undefined
[2024-05-22T12:36:00.146Z] PUT /api/tasks/8 - undefined
[2024-05-22T12:36:00.158Z] GET /api/tasks - undefined
[2024-05-22T12:36:19.764Z] GET /api/tasks - undefined
[2024-05-22T12:36:23.567Z] OPTIONS /api/tasks/6 - undefined
[2024-05-22T12:36:23.572Z] PUT /api/tasks/6 - undefined
[2024-05-22T12:36:23.584Z] GET /api/tasks - undefined
[2024-05-22T12:36:36.199Z] OPTIONS /api/tasks/11 - undefined
[2024-05-22T12:36:36.202Z] PUT /api/tasks/11 - undefined
[2024-05-22T12:36:36.375Z] GET /api/tasks - undefined
[2024-05-22T12:36:39.277Z] GET /api/tasks - undefined
[2024-05-22T12:38:26.629Z] GET /api/tasks - undefined
[2024-05-22T12:38:27.240Z] GET /api/tasks - undefined
[2024-05-22T12:41:56.038Z] GET /api/tasks - undefined
[2024-05-22T12:45:45.865Z] GET /api/tasks - undefined
[2024-05-22T12:45:48.923Z] GET /api/tasks - undefined
[2024-05-22T12:46:03.977Z] GET /api/tasks - undefined
[2024-05-22T12:46:14.930Z] GET /api/tasks - undefined
[2024-05-22T12:47:44.698Z] GET /api/tasks - undefined
[2024-05-22T12:48:09.622Z] GET /api/tasks - undefined
[2024-05-22T12:51:11.422Z] GET /api/tasks - undefined
[2024-05-22T12:51:19.432Z] GET /api/tasks - undefined
[2024-05-22T12:51:47.977Z] OPTIONS /api/tasks/11 - undefined
[2024-05-22T12:51:47.979Z] DELETE /api/tasks/11 - undefined
[2024-05-22T12:51:48.049Z] GET /api/tasks - undefined
[2024-05-22T12:51:49.275Z] OPTIONS /api/tasks/6 - undefined
[2024-05-22T12:51:49.278Z] DELETE /api/tasks/6 - undefined
[2024-05-22T12:51:49.294Z] GET /api/tasks - undefined
[2024-05-22T12:51:51.000Z] OPTIONS /api/tasks/8 - undefined
[2024-05-22T12:51:51.007Z] DELETE /api/tasks/8 - undefined
[2024-05-22T12:51:51.013Z] GET /api/tasks - undefined
[2024-05-22T12:54:46.020Z] OPTIONS /api/tasks - undefined
[2024-05-22T12:54:46.025Z] POST /api/tasks - undefined
[2024-05-22T12:54:46.089Z] GET /api/tasks - undefined
[2024-05-22T12:54:46.095Z] GET /api/tasks - undefined
[2024-05-22T12:55:58.237Z] GET /api/tasks - undefined
[2024-05-22T12:56:17.799Z] GET /api/tasks - undefined
[2024-05-22T12:56:24.579Z] GET /api/tasks - undefined
[2024-05-22T12:56:33.025Z] GET /api/tasks - undefined
[2024-05-22T12:56:39.627Z] GET /api/tasks - undefined
[2024-05-22T13:05:37.999Z] GET /api/tasks - undefined
[2024-05-22T13:05:49.904Z] OPTIONS /api/tasks/4 - undefined
[2024-05-22T13:05:49.905Z] PUT /api/tasks/4 - undefined
[2024-05-22T13:05:49.956Z] GET /api/tasks - undefined
[2024-05-22T13:06:25.541Z] GET /api/tasks - undefined
[2024-05-22T13:06:28.282Z] OPTIONS /api/tasks/9 - undefined
[2024-05-22T13:06:28.287Z] PUT /api/tasks/9 - undefined
[2024-05-22T13:06:28.294Z] GET /api/tasks - undefined
[2024-05-22T13:06:33.918Z] OPTIONS /api/tasks/12 - undefined
[2024-05-22T13:06:33.921Z] PUT /api/tasks/12 - undefined
[2024-05-22T13:06:33.938Z] GET /api/tasks - undefined
[2024-05-22T13:08:19.958Z] GET /api/tasks - undefined
[2024-05-22T13:08:25.794Z] OPTIONS /api/tasks/7 - undefined
[2024-05-22T13:08:25.797Z] DELETE /api/tasks/7 - undefined
[2024-05-22T13:08:25.808Z] GET /api/tasks - undefined
[2024-05-22T13:08:30.354Z] OPTIONS /api/tasks/9 - undefined
[2024-05-22T13:08:30.357Z] DELETE /api/tasks/9 - undefined
[2024-05-22T13:08:30.372Z] GET /api/tasks - undefined
[2024-05-22T13:08:55.789Z] OPTIONS /api/tasks - undefined
[2024-05-22T13:08:55.792Z] POST /api/tasks - undefined
[2024-05-22T13:08:55.848Z] GET /api/tasks - undefined
[2024-05-22T13:08:55.853Z] GET /api/tasks - undefined
[2024-05-22T13:09:00.824Z] OPTIONS /api/tasks/10 - undefined
[2024-05-22T13:09:00.833Z] PUT /api/tasks/10 - undefined
[2024-05-22T13:09:00.845Z] GET /api/tasks - undefined
[2024-05-22T13:09:38.807Z] GET /api/tasks - undefined
[2024-05-22T13:10:24.523Z] OPTIONS /api/tasks - undefined
[2024-05-22T13:10:24.525Z] POST /api/tasks - undefined
[2024-05-22T13:10:24.582Z] GET /api/tasks - undefined
[2024-05-22T13:10:24.586Z] GET /api/tasks - undefined
[2024-05-22T13:10:26.870Z] OPTIONS /api/tasks/13 - undefined
[2024-05-22T13:10:26.875Z] PUT /api/tasks/13 - undefined
[2024-05-22T13:10:26.890Z] GET /api/tasks - undefined
[2024-05-22T13:10:30.570Z] OPTIONS /api/tasks/14 - undefined
[2024-05-22T13:10:30.576Z] PUT /api/tasks/14 - undefined
[2024-05-22T13:10:30.586Z] GET /api/tasks - undefined
[2024-05-22T13:10:41.259Z] OPTIONS /api/tasks - undefined
[2024-05-22T13:10:41.262Z] POST /api/tasks - undefined
[2024-05-22T13:10:41.321Z] GET /api/tasks - undefined
[2024-05-22T13:10:41.327Z] GET /api/tasks - undefined
[2024-05-22T13:10:46.160Z] POST /api/tasks - undefined
[2024-05-22T13:10:46.164Z] GET /api/tasks - undefined
[2024-05-22T13:10:46.170Z] GET /api/tasks - undefined
[2024-05-22T13:10:48.314Z] OPTIONS /api/tasks/15 - undefined
[2024-05-22T13:10:48.317Z] PUT /api/tasks/15 - undefined
[2024-05-22T13:10:48.329Z] GET /api/tasks - undefined
[2024-05-22T13:10:56.293Z] OPTIONS /api/tasks/16 - undefined
[2024-05-22T13:10:56.296Z] PUT /api/tasks/16 - undefined
[2024-05-22T13:10:56.307Z] GET /api/tasks - undefined
[2024-05-22T13:11:56.494Z] OPTIONS /api/tasks/15 - undefined
[2024-05-22T13:11:56.498Z] DELETE /api/tasks/15 - undefined
[2024-05-22T13:11:56.558Z] GET /api/tasks - undefined
[2024-05-22T13:11:57.243Z] OPTIONS /api/tasks/16 - undefined
[2024-05-22T13:11:57.246Z] DELETE /api/tasks/16 - undefined
[2024-05-22T13:11:57.259Z] GET /api/tasks - undefined
[2024-05-22T13:11:59.152Z] OPTIONS /api/tasks/10 - undefined
[2024-05-22T13:11:59.156Z] DELETE /api/tasks/10 - undefined
[2024-05-22T13:11:59.175Z] GET /api/tasks - undefined
[2024-05-22T13:12:02.824Z] OPTIONS /api/tasks - undefined
[2024-05-22T13:12:02.827Z] POST /api/tasks - undefined
[2024-05-22T13:12:02.841Z] GET /api/tasks - undefined
[2024-05-22T13:12:02.846Z] GET /api/tasks - undefined
[2024-05-22T13:12:06.294Z] POST /api/tasks - undefined
[2024-05-22T13:12:06.309Z] GET /api/tasks - undefined
[2024-05-22T13:12:06.313Z] GET /api/tasks - undefined
[2024-05-22T13:12:10.129Z] OPTIONS /api/tasks - undefined
[2024-05-22T13:12:10.131Z] POST /api/tasks - undefined
[2024-05-22T13:12:10.146Z] GET /api/tasks - undefined
[2024-05-22T13:12:10.149Z] GET /api/tasks - undefined
[2024-05-22T13:12:14.981Z] OPTIONS /api/tasks/17 - undefined
[2024-05-22T13:12:14.984Z] PUT /api/tasks/17 - undefined
[2024-05-22T13:12:14.993Z] GET /api/tasks - undefined
[2024-05-22T13:12:18.639Z] OPTIONS /api/tasks/18 - undefined
[2024-05-22T13:12:18.641Z] PUT /api/tasks/18 - undefined
[2024-05-22T13:12:18.648Z] GET /api/tasks - undefined
[2024-05-22T13:14:05.231Z] OPTIONS /api/tasks/19 - undefined
[2024-05-22T13:14:05.234Z] PUT /api/tasks/19 - undefined
[2024-05-22T13:14:05.280Z] GET /api/tasks - undefined
[2024-05-22T13:14:10.206Z] OPTIONS /api/tasks/17 - undefined
[2024-05-22T13:14:10.208Z] DELETE /api/tasks/17 - undefined
[2024-05-22T13:14:10.212Z] GET /api/tasks - undefined
[2024-05-22T13:14:11.567Z] OPTIONS /api/tasks/18 - undefined
[2024-05-22T13:14:11.570Z] DELETE /api/tasks/18 - undefined
[2024-05-22T13:14:11.580Z] GET /api/tasks - undefined
[2024-05-22T13:14:13.048Z] OPTIONS /api/tasks/19 - undefined
[2024-05-22T13:14:13.050Z] DELETE /api/tasks/19 - undefined
[2024-05-22T13:14:13.055Z] GET /api/tasks - undefined
[2024-05-22T13:14:18.236Z] OPTIONS /api/tasks - undefined
[2024-05-22T13:14:18.239Z] POST /api/tasks - undefined
[2024-05-22T13:14:18.251Z] GET /api/tasks - undefined
[2024-05-22T13:14:18.258Z] GET /api/tasks - undefined
[2024-05-22T13:14:21.562Z] POST /api/tasks - undefined
[2024-05-22T13:14:21.570Z] GET /api/tasks - undefined
[2024-05-22T13:14:21.574Z] GET /api/tasks - undefined
[2024-05-22T13:14:23.703Z] OPTIONS /api/tasks/21 - undefined
[2024-05-22T13:14:23.706Z] PUT /api/tasks/21 - undefined
[2024-05-22T13:14:23.714Z] GET /api/tasks - undefined
[2024-05-22T13:14:26.676Z] OPTIONS /api/tasks/20 - undefined
[2024-05-22T13:14:26.679Z] PUT /api/tasks/20 - undefined
[2024-05-22T13:14:26.694Z] GET /api/tasks - undefined
[2024-05-22T13:14:33.123Z] OPTIONS /api/tasks - undefined
[2024-05-22T13:14:33.125Z] POST /api/tasks - undefined
[2024-05-22T13:14:33.130Z] GET /api/tasks - undefined
[2024-05-22T13:14:33.139Z] GET /api/tasks - undefined
[2024-05-22T13:14:34.832Z] OPTIONS /api/tasks/22 - undefined
[2024-05-22T13:14:34.835Z] PUT /api/tasks/22 - undefined
[2024-05-22T13:14:34.846Z] GET /api/tasks - undefined
[2024-05-22T13:15:23.648Z] OPTIONS /api/tasks/20 - undefined
[2024-05-22T13:15:23.651Z] DELETE /api/tasks/20 - undefined
[2024-05-22T13:15:23.715Z] GET /api/tasks - undefined
[2024-05-22T13:15:24.207Z] OPTIONS /api/tasks/22 - undefined
[2024-05-22T13:15:24.210Z] DELETE /api/tasks/22 - undefined
[2024-05-22T13:15:24.226Z] GET /api/tasks - undefined
[2024-05-22T13:15:27.262Z] OPTIONS /api/tasks - undefined
[2024-05-22T13:15:27.265Z] POST /api/tasks - undefined
[2024-05-22T13:15:27.283Z] GET /api/tasks - undefined
[2024-05-22T13:15:27.287Z] GET /api/tasks - undefined
[2024-05-22T13:15:30.082Z] POST /api/tasks - undefined
[2024-05-22T13:15:30.095Z] GET /api/tasks - undefined
[2024-05-22T13:15:30.098Z] GET /api/tasks - undefined
[2024-05-22T13:15:32.730Z] OPTIONS /api/tasks/23 - undefined
[2024-05-22T13:15:32.733Z] PUT /api/tasks/23 - undefined
[2024-05-22T13:15:32.745Z] GET /api/tasks - undefined
[2024-05-22T13:15:35.348Z] OPTIONS /api/tasks/24 - undefined
[2024-05-22T13:15:35.352Z] PUT /api/tasks/24 - undefined
[2024-05-22T13:15:35.366Z] GET /api/tasks - undefined
[2024-05-22T13:15:39.641Z] OPTIONS /api/tasks - undefined
[2024-05-22T13:15:39.644Z] POST /api/tasks - undefined
[2024-05-22T13:15:39.678Z] GET /api/tasks - undefined
[2024-05-22T13:15:39.682Z] GET /api/tasks - undefined
[2024-05-22T13:15:40.739Z] OPTIONS /api/tasks/25 - undefined
[2024-05-22T13:15:40.744Z] PUT /api/tasks/25 - undefined
[2024-05-22T13:15:40.760Z] GET /api/tasks - undefined
[2024-05-22T13:15:46.884Z] OPTIONS /api/tasks/25 - undefined
[2024-05-22T13:15:46.887Z] DELETE /api/tasks/25 - undefined
[2024-05-22T13:15:46.897Z] GET /api/tasks - undefined
[2024-05-22T14:35:20.401Z] GET /api/tasks - undefined
[2024-05-22T14:35:36.512Z] GET /api/tasks - undefined
[2024-05-22T14:35:49.066Z] OPTIONS /api/tasks/23 - undefined
[2024-05-22T14:35:49.070Z] DELETE /api/tasks/23 - undefined
[2024-05-22T14:35:49.134Z] GET /api/tasks - undefined
[2024-05-22T14:35:49.879Z] OPTIONS /api/tasks/24 - undefined
[2024-05-22T14:35:49.884Z] DELETE /api/tasks/24 - undefined
[2024-05-22T14:35:49.896Z] GET /api/tasks - undefined
[2024-05-22T14:36:13.711Z] OPTIONS /api/tasks - undefined
[2024-05-22T14:36:13.714Z] POST /api/tasks - undefined
[2024-05-22T14:36:13.910Z] GET /api/tasks - undefined
[2024-05-22T14:36:13.914Z] GET /api/tasks - undefined
[2024-05-22T14:36:18.175Z] POST /api/tasks - undefined
[2024-05-22T14:36:18.189Z] GET /api/tasks - undefined
[2024-05-22T14:36:18.194Z] GET /api/tasks - undefined
[2024-05-22T14:36:21.369Z] OPTIONS /api/tasks/56 - undefined
[2024-05-22T14:36:21.375Z] PUT /api/tasks/56 - undefined
[2024-05-22T14:36:21.391Z] GET /api/tasks - undefined
[2024-05-22T14:36:25.400Z] OPTIONS /api/tasks/57 - undefined
[2024-05-22T14:36:25.404Z] PUT /api/tasks/57 - undefined
[2024-05-22T14:36:25.417Z] GET /api/tasks - undefined
[2024-05-22T14:36:50.564Z] OPTIONS /api/tasks/56 - undefined
[2024-05-22T14:36:50.570Z] DELETE /api/tasks/56 - undefined
[2024-05-22T14:36:50.641Z] GET /api/tasks - undefined
[2024-05-22T14:36:51.331Z] OPTIONS /api/tasks/57 - undefined
[2024-05-22T14:36:51.335Z] DELETE /api/tasks/57 - undefined
[2024-05-22T14:36:51.358Z] GET /api/tasks - undefined
[2024-05-22T14:36:52.612Z] OPTIONS /api/tasks/21 - undefined
[2024-05-22T14:36:52.615Z] DELETE /api/tasks/21 - undefined
[2024-05-22T14:36:52.629Z] GET /api/tasks - undefined
[2024-05-22T14:36:55.436Z] OPTIONS /api/tasks/14 - undefined
[2024-05-22T14:36:55.439Z] DELETE /api/tasks/14 - undefined
[2024-05-22T14:36:55.446Z] GET /api/tasks - undefined
[2024-05-22T14:36:56.512Z] OPTIONS /api/tasks/13 - undefined
[2024-05-22T14:36:56.525Z] DELETE /api/tasks/13 - undefined
[2024-05-22T14:36:56.543Z] GET /api/tasks - undefined
[2024-05-22T14:36:57.878Z] OPTIONS /api/tasks/12 - undefined
[2024-05-22T14:36:57.881Z] DELETE /api/tasks/12 - undefined
[2024-05-22T14:36:57.896Z] GET /api/tasks - undefined
[2024-05-22T14:53:22.592Z] GET /api/tasks - undefined
[2024-05-22T14:54:05.807Z] OPTIONS /api/tasks - undefined
[2024-05-22T14:54:05.817Z] POST /api/tasks - undefined
[2024-05-22T14:54:05.894Z] GET /api/tasks - undefined
[2024-05-22T14:54:05.898Z] GET /api/tasks - undefined
[2024-05-22T14:54:09.545Z] POST /api/tasks - undefined
[2024-05-22T14:54:09.565Z] GET /api/tasks - undefined
[2024-05-22T14:54:09.568Z] GET /api/tasks - undefined
[2024-05-22T14:54:10.681Z] OPTIONS /api/tasks/58 - undefined
[2024-05-22T14:54:10.685Z] PUT /api/tasks/58 - undefined
[2024-05-22T14:54:10.705Z] GET /api/tasks - undefined
[2024-05-22T14:54:23.185Z] OPTIONS /api/tasks/59 - undefined
[2024-05-22T14:54:23.189Z] PUT /api/tasks/59 - undefined
[2024-05-22T14:54:23.375Z] GET /api/tasks - undefined
[2024-05-22T14:54:33.900Z] OPTIONS /api/tasks - undefined
[2024-05-22T14:54:33.904Z] POST /api/tasks - undefined
[2024-05-22T14:54:33.975Z] GET /api/tasks - undefined
[2024-05-22T14:54:33.980Z] GET /api/tasks - undefined
[2024-05-22T14:54:36.689Z] OPTIONS /api/tasks/60 - undefined
[2024-05-22T14:54:36.697Z] PUT /api/tasks/60 - undefined
[2024-05-22T14:54:36.728Z] GET /api/tasks - undefined
[2024-05-22T14:55:18.074Z] OPTIONS /api/tasks/58 - undefined
[2024-05-22T14:55:18.077Z] DELETE /api/tasks/58 - undefined
[2024-05-22T14:55:18.146Z] GET /api/tasks - undefined
[2024-05-22T14:55:19.015Z] OPTIONS /api/tasks/59 - undefined
[2024-05-22T14:55:19.017Z] DELETE /api/tasks/59 - undefined
[2024-05-22T14:55:19.026Z] GET /api/tasks - undefined
[2024-05-22T14:55:20.225Z] OPTIONS /api/tasks/60 - undefined
[2024-05-22T14:55:20.228Z] DELETE /api/tasks/60 - undefined
[2024-05-22T14:55:20.244Z] GET /api/tasks - undefined
[2024-05-22T14:55:24.253Z] OPTIONS /api/tasks - undefined
[2024-05-22T14:55:24.266Z] POST /api/tasks - undefined
[2024-05-22T14:55:24.286Z] GET /api/tasks - undefined
[2024-05-22T14:55:24.317Z] GET /api/tasks - undefined
[2024-05-22T14:55:27.584Z] POST /api/tasks - undefined
[2024-05-22T14:55:27.592Z] GET /api/tasks - undefined
[2024-05-22T14:55:27.595Z] GET /api/tasks - undefined
[2024-05-22T14:55:31.917Z] OPTIONS /api/tasks - undefined
[2024-05-22T14:55:31.920Z] POST /api/tasks - undefined
[2024-05-22T14:55:31.936Z] GET /api/tasks - undefined
[2024-05-22T14:55:31.943Z] GET /api/tasks - undefined
[2024-05-22T14:55:36.353Z] OPTIONS /api/tasks/61 - undefined
[2024-05-22T14:55:36.375Z] PUT /api/tasks/61 - undefined
[2024-05-22T14:55:36.383Z] GET /api/tasks - undefined
[2024-05-22T15:02:33.749Z] GET /api/tasks - undefined
[2024-05-22T15:02:36.551Z] GET /api/tasks - undefined
[2024-05-22T15:05:23.227Z] GET /api/tasks - undefined
[2024-05-22T15:14:41.118Z] GET /api/tasks - undefined
[2024-05-22T15:14:42.039Z] GET /api/tasks - undefined
[2024-05-22T15:32:41.260Z] GET /api/tasks - undefined
[2024-05-22T15:42:22.226Z] GET /api/tasks - undefined
[2024-05-22T15:42:38.262Z] OPTIONS /api/tasks/63 - undefined
[2024-05-22T15:42:38.265Z] PUT /api/tasks/63 - undefined
[2024-05-22T15:42:38.341Z] GET /api/tasks - undefined
[2024-05-22T15:44:34.424Z] GET /api/tasks - undefined
[2024-05-22T15:44:47.777Z] GET /api/tasks - undefined
[2024-05-22T15:44:57.595Z] GET /api/tasks - undefined
[2024-05-22T15:45:16.581Z] GET /api/tasks - undefined
[2024-05-22T15:45:29.360Z] GET /api/tasks - undefined
[2024-05-22T15:45:37.126Z] GET /api/tasks - undefined
[2024-05-22T15:45:56.763Z] GET /api/tasks - undefined
[2024-05-22T15:45:56.893Z] GET /api/tasks - undefined
[2024-05-22T15:46:20.018Z] GET /api/tasks - undefined
[2024-05-22T15:46:27.436Z] GET /api/tasks - undefined
[2024-05-22T15:46:33.285Z] GET /api/tasks - undefined
[2024-05-22T15:46:53.915Z] GET /api/tasks - undefined
[2024-05-22T15:48:20.837Z] GET /api/tasks - undefined
[2024-05-22T15:48:25.139Z] GET /api/tasks - undefined
[2024-05-22T15:48:34.349Z] GET /api/tasks - undefined
[2024-05-22T15:48:48.547Z] GET /api/tasks - undefined
[2024-05-22T16:00:08.409Z] GET /api/tasks - undefined
[2024-05-22T16:03:30.754Z] GET /api/tasks - undefined
[2024-05-22T16:03:51.429Z] GET /api/tasks - undefined
[2024-05-22T16:03:54.674Z] GET /api/tasks - undefined
[2024-05-22T16:03:56.247Z] GET /api/tasks - undefined
[2024-05-22T16:03:57.820Z] GET /api/tasks - undefined
[2024-05-22T16:20:42.973Z] OPTIONS /api/signin - undefined
[2024-05-22T16:20:42.975Z] POST /api/signin - undefined
[2024-05-22T16:21:31.634Z] OPTIONS /api/signin - undefined
[2024-05-22T16:21:31.636Z] POST /api/signin - undefined
[2024-05-22T16:21:56.528Z] GET /api/tasks - undefined
[2024-05-22T16:22:01.656Z] GET /api/tasks - undefined
[2024-05-22T16:22:04.974Z] GET /api/tasks - undefined
[2024-05-22T16:22:06.336Z] GET /api/tasks - undefined
[2024-05-22T16:31:02.934Z] GET /api/tasks - undefined
[2024-05-22T16:32:13.947Z] GET /api/tasks - undefined
[2024-05-22T16:32:25.174Z] OPTIONS /api/signin - undefined
[2024-05-22T16:32:25.177Z] POST /api/signin - undefined
[2024-05-22T16:38:31.552Z] OPTIONS /api/tasks - undefined
[2024-05-22T16:38:31.554Z] POST /api/tasks - undefined
[2024-05-22T16:38:31.646Z] GET /api/tasks - undefined
[2024-05-22T16:38:31.650Z] GET /api/tasks - undefined
[2024-05-22T16:39:10.967Z] GET /api/tasks - undefined
[2024-05-22T16:40:31.756Z] GET /api/tasks - undefined
[2024-05-22T16:49:08.931Z] GET /api/tasks - undefined
[2024-05-22T16:49:12.642Z] GET /api/tasks - undefined
[2024-05-22T16:49:32.832Z] OPTIONS /api/tasks - undefined
[2024-05-22T16:49:32.834Z] POST /api/tasks - undefined
[2024-05-22T16:49:32.892Z] GET /api/tasks - undefined
[2024-05-22T16:49:32.895Z] GET /api/tasks - undefined
[2024-05-22T16:52:53.492Z] GET /api/tasks - undefined
[2024-05-22T16:52:53.505Z] GET /api/tasks - undefined
[2024-05-22T16:53:44.058Z] OPTIONS /api/tasks - undefined
[2024-05-22T16:53:44.060Z] POST /api/tasks - undefined
[2024-05-22T16:53:44.132Z] GET /api/tasks - undefined
[2024-05-22T16:53:44.157Z] GET /api/tasks - undefined
[2024-05-22T16:53:45.960Z] GET /api/tasks - undefined
[2024-05-22T16:53:54.711Z] OPTIONS /api/tasks/65 - undefined
[2024-05-22T16:53:54.713Z] PUT /api/tasks/65 - undefined
[2024-05-22T16:53:54.726Z] GET /api/tasks - undefined
[2024-05-22T17:12:36.828Z] GET /api/tasks - undefined
[2024-05-23T02:40:47.971Z] GET /api/tasks - undefined
[2024-05-23T02:42:07.034Z] GET /api/tasks - undefined
[2024-05-23T02:42:12.050Z] GET /api/tasks - undefined
[2024-05-23T02:42:45.453Z] GET /api/tasks - undefined
[2024-05-23T02:42:45.520Z] GET /api/tasks - undefined
[2024-05-23T02:43:15.850Z] GET /api/tasks - undefined
[2024-05-23T02:47:12.451Z] GET /api/tasks - undefined
[2024-05-23T02:54:37.886Z] GET /api/tasks - undefined
[2024-05-23T02:54:54.047Z] OPTIONS /api/signin - undefined
[2024-05-23T02:54:54.050Z] POST /api/signin - undefined
[2024-05-23T02:56:33.501Z] OPTIONS /api/signin - undefined
[2024-05-23T02:56:33.503Z] POST /api/signin - undefined
[2024-05-23T02:56:43.421Z] OPTIONS /api/tasks/65 - undefined
[2024-05-23T02:56:43.423Z] DELETE /api/tasks/65 - undefined
[2024-05-23T02:56:43.438Z] GET /api/tasks - undefined
[2024-05-23T02:57:03.115Z] OPTIONS /api/tasks - undefined
[2024-05-23T02:57:03.118Z] POST /api/tasks - undefined
[2024-05-23T02:57:03.184Z] GET /api/tasks - undefined
[2024-05-23T02:57:03.188Z] GET /api/tasks - undefined
[2024-05-23T02:57:09.690Z] OPTIONS /api/tasks/62 - undefined
[2024-05-23T02:57:09.692Z] PUT /api/tasks/62 - undefined
[2024-05-23T02:57:09.697Z] GET /api/tasks - undefined
[2024-05-23T02:57:43.082Z] OPTIONS /api/tasks/64 - undefined
[2024-05-23T02:57:43.085Z] PUT /api/tasks/64 - undefined
[2024-05-23T02:57:43.141Z] GET /api/tasks - undefined
[2024-05-23T02:59:24.828Z] OPTIONS /api/tasks/62 - undefined
[2024-05-23T02:59:24.831Z] DELETE /api/tasks/62 - undefined
[2024-05-23T02:59:24.888Z] GET /api/tasks - undefined
[2024-05-23T02:59:25.440Z] OPTIONS /api/tasks/64 - undefined
[2024-05-23T02:59:25.442Z] DELETE /api/tasks/64 - undefined
[2024-05-23T02:59:25.452Z] GET /api/tasks - undefined
[2024-05-23T02:59:29.106Z] OPTIONS /api/tasks/63 - undefined
[2024-05-23T02:59:29.109Z] DELETE /api/tasks/63 - undefined
[2024-05-23T02:59:29.122Z] GET /api/tasks - undefined
[2024-05-23T02:59:31.038Z] OPTIONS /api/tasks/61 - undefined
[2024-05-23T02:59:31.042Z] DELETE /api/tasks/61 - undefined
[2024-05-23T02:59:31.054Z] GET /api/tasks - undefined
[2024-05-23T02:59:38.129Z] OPTIONS /api/tasks - undefined
[2024-05-23T02:59:38.130Z] POST /api/tasks - undefined
[2024-05-23T02:59:38.136Z] GET /api/tasks - undefined
[2024-05-23T02:59:38.143Z] GET /api/tasks - undefined
[2024-05-23T02:59:42.846Z] POST /api/tasks - undefined
[2024-05-23T02:59:42.852Z] GET /api/tasks - undefined
[2024-05-23T02:59:42.855Z] GET /api/tasks - undefined
[2024-05-23T02:59:45.775Z] GET /api/tasks - undefined
[2024-05-23T02:59:49.834Z] GET /api/tasks - undefined
[2024-05-23T03:06:35.975Z] GET /api/tasks - undefined
[2024-05-23T03:16:47.914Z] OPTIONS /api/tasks/67 - undefined
[2024-05-23T03:16:47.916Z] PUT /api/tasks/67 - undefined
[2024-05-23T03:16:47.968Z] GET /api/tasks - undefined
[2024-05-23T03:17:34.581Z] GET /api/tasks - undefined
[2024-05-23T03:18:17.614Z] GET /api/tasks - undefined
[2024-05-23T03:19:48.110Z] GET /api/tasks - undefined
[2024-05-23T03:20:15.435Z] GET /api/tasks - undefined
[2024-05-23T03:22:33.839Z] GET /api/tasks - undefined
[2024-05-23T03:23:50.445Z] GET /api/tasks - undefined
[2024-05-23T03:24:54.545Z] GET /api/tasks - undefined
[2024-05-23T03:25:02.248Z] GET /api/tasks - undefined
[2024-05-23T03:25:10.291Z] GET /api/tasks - undefined
[2024-05-23T03:25:12.709Z] OPTIONS /api/tasks/67 - undefined
[2024-05-23T03:25:12.712Z] DELETE /api/tasks/67 - undefined
[2024-05-23T03:25:12.726Z] GET /api/tasks - undefined
[2024-05-23T03:25:18.131Z] OPTIONS /api/tasks/4 - undefined
[2024-05-23T03:25:18.135Z] DELETE /api/tasks/4 - undefined
[2024-05-23T03:25:18.147Z] GET /api/tasks - undefined
[2024-05-23T03:25:30.776Z] GET /api/tasks - undefined
[2024-05-23T03:27:16.278Z] OPTIONS /api/tasks - undefined
[2024-05-23T03:27:16.281Z] POST /api/tasks - undefined
[2024-05-23T03:27:16.331Z] GET /api/tasks - undefined
[2024-05-23T03:27:16.337Z] GET /api/tasks - undefined
[2024-05-23T03:27:23.854Z] OPTIONS /api/tasks - undefined
[2024-05-23T03:27:23.858Z] POST /api/tasks - undefined
[2024-05-23T03:27:23.866Z] GET /api/tasks - undefined
[2024-05-23T03:27:23.871Z] GET /api/tasks - undefined
[2024-05-23T03:27:26.437Z] GET /api/tasks - undefined
[2024-05-23T03:29:07.691Z] GET /api/tasks - undefined
[2024-05-23T03:29:13.036Z] OPTIONS /api/signin - undefined
[2024-05-23T03:29:13.037Z] POST /api/signin - undefined
[2024-05-23T03:29:18.946Z] GET /api/tasks - undefined
[2024-05-23T03:29:40.451Z] GET /api/tasks - undefined
[2024-05-23T03:29:54.452Z] OPTIONS /api/tasks/5 - undefined
[2024-05-23T03:29:54.455Z] DELETE /api/tasks/5 - undefined
[2024-05-23T03:29:54.511Z] GET /api/tasks - undefined
[2024-05-23T03:30:11.038Z] OPTIONS /api/tasks - undefined
[2024-05-23T03:30:11.040Z] POST /api/tasks - undefined
[2024-05-23T03:30:11.085Z] GET /api/tasks - undefined
[2024-05-23T03:30:11.089Z] GET /api/tasks - undefined
[2024-05-23T03:30:13.305Z] GET /api/tasks - undefined
[2024-05-23T03:30:21.212Z] OPTIONS /api/tasks/2 - undefined
[2024-05-23T03:30:21.214Z] DELETE /api/tasks/2 - undefined
[2024-05-23T03:30:21.228Z] GET /api/tasks - undefined
[2024-05-23T03:30:44.357Z] OPTIONS /api/tasks - undefined
[2024-05-23T03:30:44.359Z] POST /api/tasks - undefined
[2024-05-23T03:30:44.406Z] GET /api/tasks - undefined
[2024-05-23T03:30:44.412Z] GET /api/tasks - undefined
[2024-05-23T03:30:46.148Z] GET /api/tasks - undefined
[2024-05-23T03:31:04.462Z] GET /api/tasks - undefined
[2024-05-23T03:31:13.438Z] GET /api/tasks - undefined
[2024-05-23T03:31:38.440Z] GET /api/tasks - undefined
[2024-05-23T03:31:42.280Z] GET /api/tasks - undefined
[2024-05-23T03:31:56.432Z] GET /api/tasks - undefined
[2024-05-23T03:32:02.429Z] GET /api/tasks - undefined
[2024-05-23T03:32:03.440Z] GET /api/tasks - undefined
[2024-05-23T03:32:10.432Z] GET /api/tasks - undefined
[2024-05-23T03:32:16.429Z] GET /api/tasks - undefined
[2024-05-23T03:32:22.430Z] GET /api/tasks - undefined
[2024-05-23T03:32:23.442Z] GET /api/tasks - undefined
[2024-05-23T03:32:40.037Z] GET /api/tasks - undefined
[2024-05-23T03:32:59.439Z] GET /api/tasks - undefined
[2024-05-23T03:37:32.379Z] GET /api/tasks - undefined
[2024-05-23T03:37:42.289Z] OPTIONS /api/tasks/66 - undefined
[2024-05-23T03:37:42.292Z] PUT /api/tasks/66 - undefined
[2024-05-23T03:37:42.312Z] GET /api/tasks - undefined
[2024-05-23T03:37:50.298Z] GET /api/tasks - undefined
[2024-05-23T03:38:29.759Z] OPTIONS /api/tasks - undefined
[2024-05-23T03:38:29.761Z] POST /api/tasks - undefined
[2024-05-23T03:38:29.814Z] GET /api/tasks - undefined
[2024-05-23T03:38:29.819Z] GET /api/tasks - undefined
[2024-05-23T03:38:31.792Z] GET /api/tasks - undefined
[2024-05-23T03:38:49.046Z] GET /api/tasks - undefined
[2024-05-23T03:38:49.090Z] GET /api/tasks - undefined
[2024-05-23T03:38:56.319Z] GET /api/tasks - undefined
[2024-05-23T03:38:56.321Z] GET /api/tasks - undefined
[2024-05-23T03:39:06.225Z] GET /api/tasks - undefined
[2024-05-23T03:39:13.795Z] GET /api/tasks - undefined
[2024-05-23T03:40:21.922Z] GET /api/tasks - undefined
[2024-05-23T03:40:21.974Z] GET /api/tasks - undefined
[2024-05-23T03:41:54.826Z] GET /api/tasks - undefined
[2024-05-23T03:42:10.164Z] OPTIONS /api/tasks/68 - undefined
[2024-05-23T03:42:10.168Z] PUT /api/tasks/68 - undefined
[2024-05-23T03:42:10.219Z] GET /api/tasks - undefined
[2024-05-23T03:42:15.291Z] GET /api/tasks - undefined
[2024-05-23T03:45:02.391Z] GET /api/tasks - undefined
[2024-05-23T03:45:24.858Z] OPTIONS /api/tasks/69 - undefined
[2024-05-23T03:45:24.861Z] PUT /api/tasks/69 - undefined
[2024-05-23T03:45:24.919Z] GET /api/tasks - undefined
[2024-05-23T03:45:43.290Z] OPTIONS /api/signin - undefined
[2024-05-23T03:45:43.291Z] POST /api/signin - undefined
[2024-05-23T05:11:58.371Z] GET /api/tasks - undefined
[2024-05-23T05:14:23.394Z] OPTIONS /api/signup - undefined
[2024-05-23T05:14:23.395Z] POST /api/signup - undefined
[2024-05-23T05:14:32.686Z] OPTIONS /api/signin - undefined
[2024-05-23T05:14:32.688Z] POST /api/signin - undefined
[2024-05-23T05:29:05.376Z] OPTIONS /api/signin - undefined
[2024-05-23T05:29:05.379Z] POST /api/signin - undefined
[2024-05-23T05:29:17.038Z] OPTIONS /api/tasks/70 - undefined
[2024-05-23T05:29:17.040Z] PUT /api/tasks/70 - undefined
[2024-05-23T05:29:17.113Z] GET /api/tasks - undefined
[2024-05-23T05:29:27.872Z] GET /api/tasks - undefined
[2024-05-23T05:33:18.966Z] OPTIONS /api/tasks - undefined
[2024-05-23T05:33:18.969Z] POST /api/tasks - undefined
[2024-05-23T05:33:19.032Z] GET /api/tasks - undefined
[2024-05-23T05:33:19.036Z] GET /api/tasks - undefined
[2024-05-23T05:33:25.699Z] OPTIONS /api/tasks/74 - undefined
[2024-05-23T05:33:25.708Z] PUT /api/tasks/74 - undefined
[2024-05-23T05:33:25.724Z] GET /api/tasks - undefined
